# JRE version: OpenJDK Runtime Environment (8.0_342-b07) (build 1.8.0_342-342-b07)
# Java VM: OpenJDK 64-Bit Server VM (25.342-b07 mixed mode windows-amd64 compressed oops)
Heap:
 PSYoungGen      total 201216K, used 132728K [0x000000076e000000, 0x0000000780680000, 0x00000007c0000000)
  eden space 187904K, 63% used [0x000000076e000000,0x00000007754a0d70,0x0000000779780000)
  from space 13312K, 99% used [0x0000000779780000,0x000000077a47d4b8,0x000000077a480000)
  to   space 15360K, 0% used [0x000000077f780000,0x000000077f780000,0x0000000780680000)
 ParOldGen       total 138752K, used 13107K [0x00000006ca000000, 0x00000006d2780000, 0x000000076e000000)
  object space 138752K, 9% used [0x00000006ca000000,0x00000006caccced0,0x00000006d2780000)
 Metaspace       used 51712K, capacity 54948K, committed 55168K, reserved 1097728K
  class space    used 6894K, capacity 7479K, committed 7552K, reserved 1048576K
GC Heap History (10 events):
Event: 5.439 GC heap before
{Heap before GC invocations=5 (full 1):
 PSYoungGen      total 73728K, used 63488K [0x000000076e000000, 0x0000000777000000, 0x00000007c0000000)
  eden space 63488K, 100% used [0x000000076e000000,0x0000000771e00000,0x0000000771e00000)
  from space 10240K, 0% used [0x0000000771e00000,0x0000000771e00000,0x0000000772800000)
  to   space 10240K, 0% used [0x0000000776600000,0x0000000776600000,0x0000000777000000)
 ParOldGen       total 90112K, used 8150K [0x00000006ca000000, 0x00000006cf800000, 0x000000076e000000)
  object space 90112K, 9% used [0x00000006ca000000,0x00000006ca7f5970,0x00000006cf800000)
 Metaspace       used 23177K, capacity 24400K, committed 24576K, reserved 1071104K
  class space    used 3049K, capacity 3324K, committed 3328K, reserved 1048576K
Event: 5.443 GC heap after
Heap after GC invocations=5 (full 1):
 PSYoungGen      total 115712K, used 5958K [0x000000076e000000, 0x0000000776c00000, 0x00000007c0000000)
  eden space 109568K, 0% used [0x000000076e000000,0x000000076e000000,0x0000000774b00000)
  from space 6144K, 96% used [0x0000000776600000,0x0000000776bd1940,0x0000000776c00000)
  to   space 10240K, 0% used [0x0000000775800000,0x0000000775800000,0x0000000776200000)
 ParOldGen       total 90112K, used 8158K [0x00000006ca000000, 0x00000006cf800000, 0x000000076e000000)
  object space 90112K, 9% used [0x00000006ca000000,0x00000006ca7f7970,0x00000006cf800000)
 Metaspace       used 23177K, capacity 24400K, committed 24576K, reserved 1071104K
  class space    used 3049K, capacity 3324K, committed 3328K, reserved 1048576K
}
Event: 6.599 GC heap before
{Heap before GC invocations=6 (full 1):
 PSYoungGen      total 115712K, used 115526K [0x000000076e000000, 0x0000000776c00000, 0x00000007c0000000)
  eden space 109568K, 100% used [0x000000076e000000,0x0000000774b00000,0x0000000774b00000)
  from space 6144K, 96% used [0x0000000776600000,0x0000000776bd1940,0x0000000776c00000)
  to   space 10240K, 0% used [0x0000000775800000,0x0000000775800000,0x0000000776200000)
 ParOldGen       total 90112K, used 8158K [0x00000006ca000000, 0x00000006cf800000, 0x000000076e000000)
  object space 90112K, 9% used [0x00000006ca000000,0x00000006ca7f7970,0x00000006cf800000)
 Metaspace       used 30691K, capacity 32868K, committed 33024K, reserved 1077248K
  class space    used 4147K, capacity 4560K, committed 4608K, reserved 1048576K
Event: 6.608 GC heap after
Heap after GC invocations=6 (full 1):
 PSYoungGen      total 133120K, used 10229K [0x000000076e000000, 0x000000077b200000, 0x00000007c0000000)
  eden space 122880K, 0% used [0x000000076e000000,0x000000076e000000,0x0000000775800000)
  from space 10240K, 99% used [0x0000000775800000,0x00000007761fd508,0x0000000776200000)
  to   space 13824K, 0% used [0x000000077a480000,0x000000077a480000,0x000000077b200000)
 ParOldGen       total 90112K, used 10349K [0x00000006ca000000, 0x00000006cf800000, 0x000000076e000000)
  object space 90112K, 11% used [0x00000006ca000000,0x00000006caa1b500,0x00000006cf800000)
 Metaspace       used 30691K, capacity 32868K, committed 33024K, reserved 1077248K
  class space    used 4147K, capacity 4560K, committed 4608K, reserved 1048576K
}
Event: 6.824 GC heap before
{Heap before GC invocations=7 (full 1):
 PSYoungGen      total 133120K, used 25876K [0x000000076e000000, 0x000000077b200000, 0x00000007c0000000)
  eden space 122880K, 12% used [0x000000076e000000,0x000000076ef47ea0,0x0000000775800000)
  from space 10240K, 99% used [0x0000000775800000,0x00000007761fd508,0x0000000776200000)
  to   space 13824K, 0% used [0x000000077a480000,0x000000077a480000,0x000000077b200000)
 ParOldGen       total 90112K, used 10349K [0x00000006ca000000, 0x00000006cf800000, 0x000000076e000000)
  object space 90112K, 11% used [0x00000006ca000000,0x00000006caa1b500,0x00000006cf800000)
 Metaspace       used 33119K, capacity 35312K, committed 35456K, reserved 1079296K
  class space    used 4455K, capacity 4900K, committed 4992K, reserved 1048576K
Event: 6.829 GC heap after
Heap after GC invocations=7 (full 1):
 PSYoungGen      total 201728K, used 7240K [0x000000076e000000, 0x000000077ce00000, 0x00000007c0000000)
  eden space 187904K, 0% used [0x000000076e000000,0x000000076e000000,0x0000000779780000)
  from space 13824K, 52% used [0x000000077a480000,0x000000077ab923d0,0x000000077b200000)
  to   space 13312K, 0% used [0x0000000779780000,0x0000000779780000,0x000000077a480000)
 ParOldGen       total 90112K, used 10421K [0x00000006ca000000, 0x00000006cf800000, 0x000000076e000000)
  object space 90112K, 11% used [0x00000006ca000000,0x00000006caa2d510,0x00000006cf800000)
 Metaspace       used 33119K, capacity 35312K, committed 35456K, reserved 1079296K
  class space    used 4455K, capacity 4900K, committed 4992K, reserved 1048576K
}
Event: 6.829 GC heap before
{Heap before GC invocations=8 (full 2):
 PSYoungGen      total 201728K, used 7240K [0x000000076e000000, 0x000000077ce00000, 0x00000007c0000000)
  eden space 187904K, 0% used [0x000000076e000000,0x000000076e000000,0x0000000779780000)
  from space 13824K, 52% used [0x000000077a480000,0x000000077ab923d0,0x000000077b200000)
  to   space 13312K, 0% used [0x0000000779780000,0x0000000779780000,0x000000077a480000)
 ParOldGen       total 90112K, used 10421K [0x00000006ca000000, 0x00000006cf800000, 0x000000076e000000)
  object space 90112K, 11% used [0x00000006ca000000,0x00000006caa2d510,0x00000006cf800000)
 Metaspace       used 33119K, capacity 35312K, committed 35456K, reserved 1079296K
  class space    used 4455K, capacity 4900K, committed 4992K, reserved 1048576K
Event: 6.875 GC heap after
Heap after GC invocations=8 (full 2):
 PSYoungGen      total 201728K, used 0K [0x000000076e000000, 0x000000077ce00000, 0x00000007c0000000)
  eden space 187904K, 0% used [0x000000076e000000,0x000000076e000000,0x0000000779780000)
  from space 13824K, 0% used [0x000000077a480000,0x000000077a480000,0x000000077b200000)
  to   space 13312K, 0% used [0x0000000779780000,0x0000000779780000,0x000000077a480000)
 ParOldGen       total 138752K, used 13034K [0x00000006ca000000, 0x00000006d2780000, 0x000000076e000000)
  object space 138752K, 9% used [0x00000006ca000000,0x00000006cacbaa60,0x00000006d2780000)
 Metaspace       used 33119K, capacity 35312K, committed 35456K, reserved 1079296K
  class space    used 4455K, capacity 4900K, committed 4992K, reserved 1048576K
}
Event: 8.146 GC heap before
{Heap before GC invocations=9 (full 2):
 PSYoungGen      total 201728K, used 187904K [0x000000076e000000, 0x000000077ce00000, 0x00000007c0000000)
  eden space 187904K, 100% used [0x000000076e000000,0x0000000779780000,0x0000000779780000)
  from space 13824K, 0% used [0x000000077a480000,0x000000077a480000,0x000000077b200000)
  to   space 13312K, 0% used [0x0000000779780000,0x0000000779780000,0x000000077a480000)
 ParOldGen       total 138752K, used 13034K [0x00000006ca000000, 0x00000006d2780000, 0x000000076e000000)
  object space 138752K, 9% used [0x00000006ca000000,0x00000006cacbaa60,0x00000006d2780000)
 Metaspace       used 41061K, capacity 43916K, committed 44032K, reserved 1087488K
  class space    used 5595K, capacity 6118K, committed 6144K, reserved 1048576K
Event: 8.154 GC heap after
Heap after GC invocations=9 (full 2):
 PSYoungGen      total 201216K, used 13301K [0x000000076e000000, 0x0000000780680000, 0x00000007c0000000)
  eden space 187904K, 0% used [0x000000076e000000,0x000000076e000000,0x0000000779780000)
  from space 13312K, 99% used [0x0000000779780000,0x000000077a47d4b8,0x000000077a480000)
  to   space 15360K, 0% used [0x000000077f780000,0x000000077f780000,0x0000000780680000)
 ParOldGen       total 138752K, used 13107K [0x00000006ca000000, 0x00000006d2780000, 0x000000076e000000)
  object space 138752K, 9% used [0x00000006ca000000,0x00000006caccced0,0x00000006d2780000)
 Metaspace       used 41061K, capacity 43916K, committed 44032K, reserved 1087488K
  class space    used 5595K, capacity 6118K, committed 6144K, reserved 1048576K
}

